<?xml version="1.0" encoding="UTF-8"?>
<!-- Generated by org.testng.reporters.JUnitReportReporter -->
<testsuite hostname="LAPTOP-755STTQD" failures="0" tests="2" name="tests.LoginTest" time="1.618" errors="0" timestamp="2025-08-30T10:06:20 IST" skipped="0">
  <testcase classname="tests.LoginTest" name="testClosePopup" time="0.205"/>
  <testcase classname="tests.LoginTest" name="EnterLoginCredential" time="1.413"/>
</testsuite> <!-- tests.LoginTest -->
