<?xml version="1.0" encoding="UTF-8"?>
<!-- Generated by org.testng.reporters.JUnitReportReporter -->
<testsuite hostname="LAPTOP-755STTQD" failures="0" tests="3" name="tests.FlightTest" time="42.873" errors="0" timestamp="2025-08-30T10:06:20 IST" skipped="0">
  <testcase classname="tests.FlightTest" name="ads" time="0.143"/>
  <testcase classname="tests.FlightTest" name="OneWayTrip" time="20.954"/>
  <testcase classname="tests.FlightTest" name="RoundTrip" time="21.776"/>
</testsuite> <!-- tests.FlightTest -->
