<?xml version="1.0" encoding="UTF-8"?>
<!-- Generated by org.testng.reporters.JUnitReportReporter -->
<testsuite hostname="LAPTOP-755STTQD" failures="0" tests="2" name="tests.LoginTest" time="2.647" errors="0" timestamp="2025-09-02T20:19:40 IST" skipped="0">
  <testcase classname="tests.LoginTest" name="EnterLoginCredential" time="2.370"/>
  <testcase classname="tests.LoginTest" name="testClosePopup" time="0.277"/>
</testsuite> <!-- tests.LoginTest -->
