<?xml version="1.0" encoding="UTF-8"?>
<!-- Generated by org.testng.reporters.JUnitReportReporter -->
<testsuite hostname="LAPTOP-755STTQD" failures="0" tests="8" name="tests.HotelTest" time="122.561" errors="0" timestamp="2025-09-02T20:19:40 IST" skipped="0">
  <testcase classname="tests.HotelTest" name="hotelSearchWithFutureDatesTest" time="7.566"/>
  <testcase classname="tests.HotelTest" name="hotelFilterApplicationTest" time="58.878"/>
  <testcase classname="tests.HotelTest" name="hotelSortResults" time="13.529"/>
  <testcase classname="tests.HotelTest" name="hotelDetailPageValidation" time="6.609"/>
  <testcase classname="tests.HotelTest" name="hotelRoomBooking" time="9.061"/>
  <testcase classname="tests.HotelTest" name="hotelSearchWithPastCheckinDate" time="6.785"/>
  <testcase classname="tests.HotelTest" name="hotelSearchWithSameCheckinCheckoutDate" time="14.350"/>
  <testcase classname="tests.HotelTest" name="hotelSearchWithoutDestination" time="5.783"/>
</testsuite> <!-- tests.HotelTest -->
