<?xml version="1.0" encoding="UTF-8"?>
<!-- Generated by org.testng.reporters.JUnitReportReporter -->
<testsuite hostname="LAPTOP-755STTQD" failures="0" tests="2" name="tests.LoginTest" time="2.508" errors="0" timestamp="2025-08-31T23:31:36 IST" skipped="0">
  <testcase classname="tests.LoginTest" name="EnterLoginCredential" time="2.177"/>
  <testcase classname="tests.LoginTest" name="testClosePopup" time="0.331"/>
</testsuite> <!-- tests.LoginTest -->
