<?xml version="1.0" encoding="UTF-8"?>
<!-- Generated by org.testng.reporters.JUnitReportReporter -->
<testsuite hostname="LAPTOP-755STTQD" failures="0" tests="8" name="tests.HotelTest" time="69.872" errors="0" timestamp="2025-08-31T23:31:36 IST" skipped="0">
  <testcase classname="tests.HotelTest" name="hotelSearchWithFutureDatesTest" time="7.208"/>
  <testcase classname="tests.HotelTest" name="hotelFilterApplicationTest" time="18.801"/>
  <testcase classname="tests.HotelTest" name="hotelSortResults" time="3.542"/>
  <testcase classname="tests.HotelTest" name="hotelDetailPageValidation" time="5.622"/>
  <testcase classname="tests.HotelTest" name="hotelRoomBooking" time="7.932"/>
  <testcase classname="tests.HotelTest" name="hotelSearchWithPastCheckinDate" time="6.341"/>
  <testcase classname="tests.HotelTest" name="hotelSearchWithSameCheckinCheckoutDate" time="15.030"/>
  <testcase classname="tests.HotelTest" name="hotelSearchWithoutDestination" time="5.396"/>
</testsuite> <!-- tests.HotelTest -->
