<?xml version="1.0" encoding="UTF-8"?>
<!-- Generated by org.testng.reporters.JUnitReportReporter -->
<testsuite hostname="LAPTOP-755STTQD" failures="0" tests="3" name="tests.FlightTest" time="44.675" errors="0" timestamp="2025-09-02T20:19:40 IST" skipped="0">
  <testcase classname="tests.FlightTest" name="ads" time="0.834"/>
  <testcase classname="tests.FlightTest" name="OneWayTrip" time="21.764"/>
  <testcase classname="tests.FlightTest" name="RoundTrip" time="22.077"/>
</testsuite> <!-- tests.FlightTest -->
