<?xml version="1.0" encoding="UTF-8"?>
<!-- Generated by org.testng.reporters.JUnitReportReporter -->
<testsuite hostname="LAPTOP-755STTQD" failures="0" tests="3" name="tests.FlightTest" time="43.686" errors="0" timestamp="2025-08-31T23:31:36 IST" skipped="0">
  <testcase classname="tests.FlightTest" name="ads" time="0.133"/>
  <testcase classname="tests.FlightTest" name="OneWayTrip" time="21.584"/>
  <testcase classname="tests.FlightTest" name="RoundTrip" time="21.969"/>
</testsuite> <!-- tests.FlightTest -->
