<?xml version="1.0" encoding="UTF-8"?>
<!-- Generated by org.testng.reporters.JUnitReportReporter -->
<testsuite hostname="LAPTOP-755STTQD" failures="0" tests="8" name="tests.HotelTest" time="123.620" errors="0" timestamp="2025-09-05T15:22:47 IST" skipped="0">
  <testcase classname="tests.HotelTest" name="hotelSearchWithFutureDatesTest" time="8.190"/>
  <testcase classname="tests.HotelTest" name="hotelFilterApplicationTest" time="59.702"/>
  <testcase classname="tests.HotelTest" name="hotelSortResults" time="13.704"/>
  <testcase classname="tests.HotelTest" name="hotelDetailPageValidation" time="6.995"/>
  <testcase classname="tests.HotelTest" name="hotelRoomBooking" time="7.470"/>
  <testcase classname="tests.HotelTest" name="hotelSearchWithPastCheckinDate" time="7.063"/>
  <testcase classname="tests.HotelTest" name="hotelSearchWithSameCheckinCheckoutDate" time="14.608"/>
  <testcase classname="tests.HotelTest" name="hotelSearchWithoutDestination" time="5.888"/>
</testsuite> <!-- tests.HotelTest -->
