<?xml version="1.0" encoding="UTF-8"?>
<!-- Generated by org.testng.reporters.JUnitReportReporter -->
<testsuite hostname="LAPTOP-755STTQD" failures="0" tests="3" name="tests.FlightTest" time="45.860" errors="0" timestamp="2025-09-05T15:22:47 IST" skipped="0">
  <testcase classname="tests.FlightTest" name="ads" time="1.077"/>
  <testcase classname="tests.FlightTest" name="OneWayTrip" time="22.166"/>
  <testcase classname="tests.FlightTest" name="RoundTrip" time="22.617"/>
</testsuite> <!-- tests.FlightTest -->
